error: 
    status - 500 
    message - ReferenceError: Cart is not defined
    at addBookToCart (D:\My-Book-Store\BookStore\src\controllers\/cart.controller.js:72:3)
    at Layer.handle [as handle_request] (D:\My-Book-Store\BookStore\node_modules\express\lib\router\layer.js:95:5)
    at next (D:\My-Book-Store\BookStore\node_modules\express\lib\router\route.js:144:13)
    at _callee$ (D:\My-Book-Store\BookStore\src\middlewares\/auth.middleware.js:25:5)
    at tryCatch (D:\My-Book-Store\BookStore\node_modules\@babel\runtime\helpers\regeneratorRuntime.js:44:17)
    at Generator.<anonymous> (D:\My-Book-Store\BookStore\node_modules\@babel\runtime\helpers\regeneratorRuntime.js:125:22)
    at Generator.next (D:\My-Book-Store\BookStore\node_modules\@babel\runtime\helpers\regeneratorRuntime.js:69:21)
    at asyncGeneratorStep (D:\My-Book-Store\BookStore\node_modules\@babel\runtime\helpers\asyncToGenerator.js:3:24)
    at _next (D:\My-Book-Store\BookStore\node_modules\@babel\runtime\helpers\asyncToGenerator.js:22:9)
    at processTicksAndRejections (node:internal/process/task_queues:95:5) 
    url - /api/v1/cart/add_to_cart/6215888305253301a4fda5cd 
    method - POST 
    IP - ::1
   {"timestamp":"2023-03-18T17:02:25.314Z"}
error: uncaughtException: Cannot read properties of undefined (reading 'forEach')
TypeError: Cannot read properties of undefined (reading 'forEach')
    at D:\My-Book-Store\BookStore\src\controllers\/cart.controller.js:80:22
    at D:\My-Book-Store\BookStore\node_modules\mongoose\lib\model.js:5082:18
    at processTicksAndRejections (node:internal/process/task_queues:77:11) {"date":"Sat Mar 18 2023 22:34:20 GMT+0530 (India Standard Time)","error":{},"exception":true,"os":{"loadavg":[0,0,0],"uptime":7691.921},"process":{"argv":["node","D:\\My-Book-Store\\BookStore\\src\\index.js"],"cwd":"D:\\My-Book-Store\\BookStore","execPath":"C:\\Program Files\\nodejs\\node.exe","gid":null,"memoryUsage":{"arrayBuffers":18470431,"external":20005796,"heapTotal":95735808,"heapUsed":53535768,"rss":133271552},"pid":2816,"uid":null,"version":"v18.13.0"},"stack":"TypeError: Cannot read properties of undefined (reading 'forEach')\n    at D:\\My-Book-Store\\BookStore\\src\\controllers\\/cart.controller.js:80:22\n    at D:\\My-Book-Store\\BookStore\\node_modules\\mongoose\\lib\\model.js:5082:18\n    at processTicksAndRejections (node:internal/process/task_queues:77:11)","timestamp":"2023-03-18T17:04:20.173Z","trace":[{"column":22,"file":"D:\\My-Book-Store\\BookStore\\src\\controllers\\/cart.controller.js","function":null,"line":80,"method":null,"native":false},{"column":18,"file":"D:\\My-Book-Store\\BookStore\\node_modules\\mongoose\\lib\\model.js","function":null,"line":5082,"method":null,"native":false},{"column":11,"file":"node:internal/process/task_queues","function":"processTicksAndRejections","line":77,"method":null,"native":false}]}
error: uncaughtException: Cannot read properties of undefined (reading '_id')
TypeError: Cannot read properties of undefined (reading '_id')
    at D:\My-Book-Store\BookStore\src\controllers\/cart.controller.js:80:22
    at D:\My-Book-Store\BookStore\node_modules\mongoose\lib\model.js:5082:18
    at processTicksAndRejections (node:internal/process/task_queues:77:11) {"date":"Sat Mar 18 2023 22:40:43 GMT+0530 (India Standard Time)","error":{},"exception":true,"os":{"loadavg":[0,0,0],"uptime":8075.328},"process":{"argv":["node","D:\\My-Book-Store\\BookStore\\src\\index.js"],"cwd":"D:\\My-Book-Store\\BookStore","execPath":"C:\\Program Files\\nodejs\\node.exe","gid":null,"memoryUsage":{"arrayBuffers":18486815,"external":20022180,"heapTotal":95997952,"heapUsed":53575128,"rss":134516736},"pid":12852,"uid":null,"version":"v18.13.0"},"stack":"TypeError: Cannot read properties of undefined (reading '_id')\n    at D:\\My-Book-Store\\BookStore\\src\\controllers\\/cart.controller.js:80:22\n    at D:\\My-Book-Store\\BookStore\\node_modules\\mongoose\\lib\\model.js:5082:18\n    at processTicksAndRejections (node:internal/process/task_queues:77:11)","timestamp":"2023-03-18T17:10:43.582Z","trace":[{"column":22,"file":"D:\\My-Book-Store\\BookStore\\src\\controllers\\/cart.controller.js","function":null,"line":80,"method":null,"native":false},{"column":18,"file":"D:\\My-Book-Store\\BookStore\\node_modules\\mongoose\\lib\\model.js","function":null,"line":5082,"method":null,"native":false},{"column":11,"file":"node:internal/process/task_queues","function":"processTicksAndRejections","line":77,"method":null,"native":false}]}
error: uncaughtException: write EPIPE
Error: write EPIPE
    at afterWriteDispatched (node:internal/stream_base_commons:160:15)
    at writeGeneric (node:internal/stream_base_commons:151:3)
    at WriteStream.Socket._writeGeneric (node:net:923:11)
    at WriteStream.Socket._write (node:net:935:8)
    at writeOrBuffer (node:internal/streams/writable:392:12)
    at _write (node:internal/streams/writable:333:10)
    at WriteStream.Writable.write (node:internal/streams/writable:337:10)
    at Console.log (D:\My-Book-Store\BookStore\node_modules\winston\lib\winston\transports\console.js:79:23)
    at Console._write (D:\My-Book-Store\BookStore\node_modules\winston-transport\index.js:82:19)
    at doWrite (D:\My-Book-Store\BookStore\node_modules\winston-transport\node_modules\readable-stream\lib\_stream_writable.js:390:139)
    at writeOrBuffer (D:\My-Book-Store\BookStore\node_modules\winston-transport\node_modules\readable-stream\lib\_stream_writable.js:381:5)
    at Console.Writable.write (D:\My-Book-Store\BookStore\node_modules\winston-transport\node_modules\readable-stream\lib\_stream_writable.js:302:11)
    at DerivedLogger.ondata (D:\My-Book-Store\BookStore\node_modules\winston\node_modules\readable-stream\lib\_stream_readable.js:629:20)
    at DerivedLogger.emit (node:events:525:35)
    at DerivedLogger.emit (node:domain:489:12)
    at addChunk (D:\My-Book-Store\BookStore\node_modules\winston\node_modules\readable-stream\lib\_stream_readable.js:279:12) {"date":"Sat Mar 18 2023 23:37:30 GMT+0530 (India Standard Time)","error":{"code":"EPIPE","errno":-4047,"syscall":"write"},"exception":true,"os":{"loadavg":[0,0,0],"uptime":11481.968},"process":{"argv":["node","D:\\My-Book-Store\\BookStore\\src\\index.js"],"cwd":"D:\\My-Book-Store\\BookStore","execPath":"C:\\Program Files\\nodejs\\node.exe","gid":null,"memoryUsage":{"arrayBuffers":18397650,"external":19933015,"heapTotal":91435008,"heapUsed":48084288,"rss":130191360},"pid":3060,"uid":null,"version":"v18.13.0"},"stack":"Error: write EPIPE\n    at afterWriteDispatched (node:internal/stream_base_commons:160:15)\n    at writeGeneric (node:internal/stream_base_commons:151:3)\n    at WriteStream.Socket._writeGeneric (node:net:923:11)\n    at WriteStream.Socket._write (node:net:935:8)\n    at writeOrBuffer (node:internal/streams/writable:392:12)\n    at _write (node:internal/streams/writable:333:10)\n    at WriteStream.Writable.write (node:internal/streams/writable:337:10)\n    at Console.log (D:\\My-Book-Store\\BookStore\\node_modules\\winston\\lib\\winston\\transports\\console.js:79:23)\n    at Console._write (D:\\My-Book-Store\\BookStore\\node_modules\\winston-transport\\index.js:82:19)\n    at doWrite (D:\\My-Book-Store\\BookStore\\node_modules\\winston-transport\\node_modules\\readable-stream\\lib\\_stream_writable.js:390:139)\n    at writeOrBuffer (D:\\My-Book-Store\\BookStore\\node_modules\\winston-transport\\node_modules\\readable-stream\\lib\\_stream_writable.js:381:5)\n    at Console.Writable.write (D:\\My-Book-Store\\BookStore\\node_modules\\winston-transport\\node_modules\\readable-stream\\lib\\_stream_writable.js:302:11)\n    at DerivedLogger.ondata (D:\\My-Book-Store\\BookStore\\node_modules\\winston\\node_modules\\readable-stream\\lib\\_stream_readable.js:629:20)\n    at DerivedLogger.emit (node:events:525:35)\n    at DerivedLogger.emit (node:domain:489:12)\n    at addChunk (D:\\My-Book-Store\\BookStore\\node_modules\\winston\\node_modules\\readable-stream\\lib\\_stream_readable.js:279:12)","timestamp":"2023-03-18T18:07:30.229Z","trace":[{"column":15,"file":"node:internal/stream_base_commons","function":"afterWriteDispatched","line":160,"method":null,"native":false},{"column":3,"file":"node:internal/stream_base_commons","function":"writeGeneric","line":151,"method":null,"native":false},{"column":11,"file":"node:net","function":"WriteStream.Socket._writeGeneric","line":923,"method":"_writeGeneric","native":false},{"column":8,"file":"node:net","function":"WriteStream.Socket._write","line":935,"method":"_write","native":false},{"column":12,"file":"node:internal/streams/writable","function":"writeOrBuffer","line":392,"method":null,"native":false},{"column":10,"file":"node:internal/streams/writable","function":"_write","line":333,"method":null,"native":false},{"column":10,"file":"node:internal/streams/writable","function":"WriteStream.Writable.write","line":337,"method":"write","native":false},{"column":23,"file":"D:\\My-Book-Store\\BookStore\\node_modules\\winston\\lib\\winston\\transports\\console.js","function":"Console.log","line":79,"method":"log","native":false},{"column":19,"file":"D:\\My-Book-Store\\BookStore\\node_modules\\winston-transport\\index.js","function":"Console._write","line":82,"method":"_write","native":false},{"column":139,"file":"D:\\My-Book-Store\\BookStore\\node_modules\\winston-transport\\node_modules\\readable-stream\\lib\\_stream_writable.js","function":"doWrite","line":390,"method":null,"native":false},{"column":5,"file":"D:\\My-Book-Store\\BookStore\\node_modules\\winston-transport\\node_modules\\readable-stream\\lib\\_stream_writable.js","function":"writeOrBuffer","line":381,"method":null,"native":false},{"column":11,"file":"D:\\My-Book-Store\\BookStore\\node_modules\\winston-transport\\node_modules\\readable-stream\\lib\\_stream_writable.js","function":"Console.Writable.write","line":302,"method":"write","native":false},{"column":20,"file":"D:\\My-Book-Store\\BookStore\\node_modules\\winston\\node_modules\\readable-stream\\lib\\_stream_readable.js","function":"DerivedLogger.ondata","line":629,"method":"ondata","native":false},{"column":35,"file":"node:events","function":"DerivedLogger.emit","line":525,"method":"emit","native":false},{"column":12,"file":"node:domain","function":"DerivedLogger.emit","line":489,"method":"emit","native":false},{"column":12,"file":"D:\\My-Book-Store\\BookStore\\node_modules\\winston\\node_modules\\readable-stream\\lib\\_stream_readable.js","function":"addChunk","line":279,"method":null,"native":false}]}
error: uncaughtException: write EPIPE
Error: write EPIPE
    at afterWriteDispatched (node:internal/stream_base_commons:160:15)
    at writeGeneric (node:internal/stream_base_commons:151:3)
    at WriteStream.Socket._writeGeneric (node:net:923:11)
    at WriteStream.Socket._write (node:net:935:8)
    at writeOrBuffer (node:internal/streams/writable:392:12)
    at _write (node:internal/streams/writable:333:10)
    at WriteStream.Writable.write (node:internal/streams/writable:337:10)
    at Console.log (D:\My-Book-Store\BookStore\node_modules\winston\lib\winston\transports\console.js:79:23)
    at Console._write (D:\My-Book-Store\BookStore\node_modules\winston-transport\index.js:82:19)
    at doWrite (D:\My-Book-Store\BookStore\node_modules\winston-transport\node_modules\readable-stream\lib\_stream_writable.js:390:139)
    at writeOrBuffer (D:\My-Book-Store\BookStore\node_modules\winston-transport\node_modules\readable-stream\lib\_stream_writable.js:381:5)
    at Console.Writable.write (D:\My-Book-Store\BookStore\node_modules\winston-transport\node_modules\readable-stream\lib\_stream_writable.js:302:11)
    at DerivedLogger.ondata (D:\My-Book-Store\BookStore\node_modules\winston\node_modules\readable-stream\lib\_stream_readable.js:629:20)
    at DerivedLogger.emit (node:events:525:35)
    at DerivedLogger.emit (node:domain:489:12)
    at addChunk (D:\My-Book-Store\BookStore\node_modules\winston\node_modules\readable-stream\lib\_stream_readable.js:279:12) {"date":"Sat Mar 18 2023 23:37:30 GMT+0530 (India Standard Time)","error":{"code":"EPIPE","errno":-4047,"syscall":"write"},"exception":true,"os":{"loadavg":[0,0,0],"uptime":11481.984},"process":{"argv":["node","D:\\My-Book-Store\\BookStore\\src\\index.js"],"cwd":"D:\\My-Book-Store\\BookStore","execPath":"C:\\Program Files\\nodejs\\node.exe","gid":null,"memoryUsage":{"arrayBuffers":18415719,"external":19951124,"heapTotal":91435008,"heapUsed":48471296,"rss":130269184},"pid":3060,"uid":null,"version":"v18.13.0"},"stack":"Error: write EPIPE\n    at afterWriteDispatched (node:internal/stream_base_commons:160:15)\n    at writeGeneric (node:internal/stream_base_commons:151:3)\n    at WriteStream.Socket._writeGeneric (node:net:923:11)\n    at WriteStream.Socket._write (node:net:935:8)\n    at writeOrBuffer (node:internal/streams/writable:392:12)\n    at _write (node:internal/streams/writable:333:10)\n    at WriteStream.Writable.write (node:internal/streams/writable:337:10)\n    at Console.log (D:\\My-Book-Store\\BookStore\\node_modules\\winston\\lib\\winston\\transports\\console.js:79:23)\n    at Console._write (D:\\My-Book-Store\\BookStore\\node_modules\\winston-transport\\index.js:82:19)\n    at doWrite (D:\\My-Book-Store\\BookStore\\node_modules\\winston-transport\\node_modules\\readable-stream\\lib\\_stream_writable.js:390:139)\n    at writeOrBuffer (D:\\My-Book-Store\\BookStore\\node_modules\\winston-transport\\node_modules\\readable-stream\\lib\\_stream_writable.js:381:5)\n    at Console.Writable.write (D:\\My-Book-Store\\BookStore\\node_modules\\winston-transport\\node_modules\\readable-stream\\lib\\_stream_writable.js:302:11)\n    at DerivedLogger.ondata (D:\\My-Book-Store\\BookStore\\node_modules\\winston\\node_modules\\readable-stream\\lib\\_stream_readable.js:629:20)\n    at DerivedLogger.emit (node:events:525:35)\n    at DerivedLogger.emit (node:domain:489:12)\n    at addChunk (D:\\My-Book-Store\\BookStore\\node_modules\\winston\\node_modules\\readable-stream\\lib\\_stream_readable.js:279:12)","timestamp":"2023-03-18T18:07:30.237Z","trace":[{"column":15,"file":"node:internal/stream_base_commons","function":"afterWriteDispatched","line":160,"method":null,"native":false},{"column":3,"file":"node:internal/stream_base_commons","function":"writeGeneric","line":151,"method":null,"native":false},{"column":11,"file":"node:net","function":"WriteStream.Socket._writeGeneric","line":923,"method":"_writeGeneric","native":false},{"column":8,"file":"node:net","function":"WriteStream.Socket._write","line":935,"method":"_write","native":false},{"column":12,"file":"node:internal/streams/writable","function":"writeOrBuffer","line":392,"method":null,"native":false},{"column":10,"file":"node:internal/streams/writable","function":"_write","line":333,"method":null,"native":false},{"column":10,"file":"node:internal/streams/writable","function":"WriteStream.Writable.write","line":337,"method":"write","native":false},{"column":23,"file":"D:\\My-Book-Store\\BookStore\\node_modules\\winston\\lib\\winston\\transports\\console.js","function":"Console.log","line":79,"method":"log","native":false},{"column":19,"file":"D:\\My-Book-Store\\BookStore\\node_modules\\winston-transport\\index.js","function":"Console._write","line":82,"method":"_write","native":false},{"column":139,"file":"D:\\My-Book-Store\\BookStore\\node_modules\\winston-transport\\node_modules\\readable-stream\\lib\\_stream_writable.js","function":"doWrite","line":390,"method":null,"native":false},{"column":5,"file":"D:\\My-Book-Store\\BookStore\\node_modules\\winston-transport\\node_modules\\readable-stream\\lib\\_stream_writable.js","function":"writeOrBuffer","line":381,"method":null,"native":false},{"column":11,"file":"D:\\My-Book-Store\\BookStore\\node_modules\\winston-transport\\node_modules\\readable-stream\\lib\\_stream_writable.js","function":"Console.Writable.write","line":302,"method":"write","native":false},{"column":20,"file":"D:\\My-Book-Store\\BookStore\\node_modules\\winston\\node_modules\\readable-stream\\lib\\_stream_readable.js","function":"DerivedLogger.ondata","line":629,"method":"ondata","native":false},{"column":35,"file":"node:events","function":"DerivedLogger.emit","line":525,"method":"emit","native":false},{"column":12,"file":"node:domain","function":"DerivedLogger.emit","line":489,"method":"emit","native":false},{"column":12,"file":"D:\\My-Book-Store\\BookStore\\node_modules\\winston\\node_modules\\readable-stream\\lib\\_stream_readable.js","function":"addChunk","line":279,"method":null,"native":false}]}
error: uncaughtException: write EPIPE
Error: write EPIPE
    at afterWriteDispatched (node:internal/stream_base_commons:160:15)
    at writeGeneric (node:internal/stream_base_commons:151:3)
    at WriteStream.Socket._writeGeneric (node:net:923:11)
    at WriteStream.Socket._write (node:net:935:8)
    at writeOrBuffer (node:internal/streams/writable:392:12)
    at _write (node:internal/streams/writable:333:10)
    at WriteStream.Writable.write (node:internal/streams/writable:337:10)
    at Console.log (D:\My-Book-Store\BookStore\node_modules\winston\lib\winston\transports\console.js:79:23)
    at Console._write (D:\My-Book-Store\BookStore\node_modules\winston-transport\index.js:82:19)
    at doWrite (D:\My-Book-Store\BookStore\node_modules\winston-transport\node_modules\readable-stream\lib\_stream_writable.js:390:139)
    at writeOrBuffer (D:\My-Book-Store\BookStore\node_modules\winston-transport\node_modules\readable-stream\lib\_stream_writable.js:381:5)
    at Console.Writable.write (D:\My-Book-Store\BookStore\node_modules\winston-transport\node_modules\readable-stream\lib\_stream_writable.js:302:11)
    at DerivedLogger.ondata (D:\My-Book-Store\BookStore\node_modules\winston\node_modules\readable-stream\lib\_stream_readable.js:629:20)
    at DerivedLogger.emit (node:events:525:35)
    at DerivedLogger.emit (node:domain:489:12)
    at addChunk (D:\My-Book-Store\BookStore\node_modules\winston\node_modules\readable-stream\lib\_stream_readable.js:279:12) {"date":"Sat Mar 18 2023 23:37:30 GMT+0530 (India Standard Time)","error":{"code":"EPIPE","errno":-4047,"syscall":"write"},"exception":true,"os":{"loadavg":[0,0,0],"uptime":11482},"process":{"argv":["node","D:\\My-Book-Store\\BookStore\\src\\index.js"],"cwd":"D:\\My-Book-Store\\BookStore","execPath":"C:\\Program Files\\nodejs\\node.exe","gid":null,"memoryUsage":{"arrayBuffers":18433764,"external":19969169,"heapTotal":91435008,"heapUsed":48840760,"rss":130297856},"pid":3060,"uid":null,"version":"v18.13.0"},"stack":"Error: write EPIPE\n    at afterWriteDispatched (node:internal/stream_base_commons:160:15)\n    at writeGeneric (node:internal/stream_base_commons:151:3)\n    at WriteStream.Socket._writeGeneric (node:net:923:11)\n    at WriteStream.Socket._write (node:net:935:8)\n    at writeOrBuffer (node:internal/streams/writable:392:12)\n    at _write (node:internal/streams/writable:333:10)\n    at WriteStream.Writable.write (node:internal/streams/writable:337:10)\n    at Console.log (D:\\My-Book-Store\\BookStore\\node_modules\\winston\\lib\\winston\\transports\\console.js:79:23)\n    at Console._write (D:\\My-Book-Store\\BookStore\\node_modules\\winston-transport\\index.js:82:19)\n    at doWrite (D:\\My-Book-Store\\BookStore\\node_modules\\winston-transport\\node_modules\\readable-stream\\lib\\_stream_writable.js:390:139)\n    at writeOrBuffer (D:\\My-Book-Store\\BookStore\\node_modules\\winston-transport\\node_modules\\readable-stream\\lib\\_stream_writable.js:381:5)\n    at Console.Writable.write (D:\\My-Book-Store\\BookStore\\node_modules\\winston-transport\\node_modules\\readable-stream\\lib\\_stream_writable.js:302:11)\n    at DerivedLogger.ondata (D:\\My-Book-Store\\BookStore\\node_modules\\winston\\node_modules\\readable-stream\\lib\\_stream_readable.js:629:20)\n    at DerivedLogger.emit (node:events:525:35)\n    at DerivedLogger.emit (node:domain:489:12)\n    at addChunk (D:\\My-Book-Store\\BookStore\\node_modules\\winston\\node_modules\\readable-stream\\lib\\_stream_readable.js:279:12)","timestamp":"2023-03-18T18:07:30.245Z","trace":[{"column":15,"file":"node:internal/stream_base_commons","function":"afterWriteDispatched","line":160,"method":null,"native":false},{"column":3,"file":"node:internal/stream_base_commons","function":"writeGeneric","line":151,"method":null,"native":false},{"column":11,"file":"node:net","function":"WriteStream.Socket._writeGeneric","line":923,"method":"_writeGeneric","native":false},{"column":8,"file":"node:net","function":"WriteStream.Socket._write","line":935,"method":"_write","native":false},{"column":12,"file":"node:internal/streams/writable","function":"writeOrBuffer","line":392,"method":null,"native":false},{"column":10,"file":"node:internal/streams/writable","function":"_write","line":333,"method":null,"native":false},{"column":10,"file":"node:internal/streams/writable","function":"WriteStream.Writable.write","line":337,"method":"write","native":false},{"column":23,"file":"D:\\My-Book-Store\\BookStore\\node_modules\\winston\\lib\\winston\\transports\\console.js","function":"Console.log","line":79,"method":"log","native":false},{"column":19,"file":"D:\\My-Book-Store\\BookStore\\node_modules\\winston-transport\\index.js","function":"Console._write","line":82,"method":"_write","native":false},{"column":139,"file":"D:\\My-Book-Store\\BookStore\\node_modules\\winston-transport\\node_modules\\readable-stream\\lib\\_stream_writable.js","function":"doWrite","line":390,"method":null,"native":false},{"column":5,"file":"D:\\My-Book-Store\\BookStore\\node_modules\\winston-transport\\node_modules\\readable-stream\\lib\\_stream_writable.js","function":"writeOrBuffer","line":381,"method":null,"native":false},{"column":11,"file":"D:\\My-Book-Store\\BookStore\\node_modules\\winston-transport\\node_modules\\readable-stream\\lib\\_stream_writable.js","function":"Console.Writable.write","line":302,"method":"write","native":false},{"column":20,"file":"D:\\My-Book-Store\\BookStore\\node_modules\\winston\\node_modules\\readable-stream\\lib\\_stream_readable.js","function":"DerivedLogger.ondata","line":629,"method":"ondata","native":false},{"column":35,"file":"node:events","function":"DerivedLogger.emit","line":525,"method":"emit","native":false},{"column":12,"file":"node:domain","function":"DerivedLogger.emit","line":489,"method":"emit","native":false},{"column":12,"file":"D:\\My-Book-Store\\BookStore\\node_modules\\winston\\node_modules\\readable-stream\\lib\\_stream_readable.js","function":"addChunk","line":279,"method":null,"native":false}]}
error: uncaughtException: write EPIPE
Error: write EPIPE
    at afterWriteDispatched (node:internal/stream_base_commons:160:15)
    at writeGeneric (node:internal/stream_base_commons:151:3)
    at WriteStream.Socket._writeGeneric (node:net:923:11)
    at WriteStream.Socket._write (node:net:935:8)
    at writeOrBuffer (node:internal/streams/writable:392:12)
    at _write (node:internal/streams/writable:333:10)
    at WriteStream.Writable.write (node:internal/streams/writable:337:10)
    at Console.log (D:\My-Book-Store\BookStore\node_modules\winston\lib\winston\transports\console.js:79:23)
    at Console._write (D:\My-Book-Store\BookStore\node_modules\winston-transport\index.js:82:19)
    at doWrite (D:\My-Book-Store\BookStore\node_modules\winston-transport\node_modules\readable-stream\lib\_stream_writable.js:390:139)
    at writeOrBuffer (D:\My-Book-Store\BookStore\node_modules\winston-transport\node_modules\readable-stream\lib\_stream_writable.js:381:5)
    at Console.Writable.write (D:\My-Book-Store\BookStore\node_modules\winston-transport\node_modules\readable-stream\lib\_stream_writable.js:302:11)
    at DerivedLogger.ondata (D:\My-Book-Store\BookStore\node_modules\winston\node_modules\readable-stream\lib\_stream_readable.js:629:20)
    at DerivedLogger.emit (node:events:525:35)
    at DerivedLogger.emit (node:domain:489:12)
    at addChunk (D:\My-Book-Store\BookStore\node_modules\winston\node_modules\readable-stream\lib\_stream_readable.js:279:12) {"date":"Sat Mar 18 2023 23:37:30 GMT+0530 (India Standard Time)","error":{"code":"EPIPE","errno":-4047,"syscall":"write"},"exception":true,"os":{"loadavg":[0,0,0],"uptime":11482},"process":{"argv":["node","D:\\My-Book-Store\\BookStore\\src\\index.js"],"cwd":"D:\\My-Book-Store\\BookStore","execPath":"C:\\Program Files\\nodejs\\node.exe","gid":null,"memoryUsage":{"arrayBuffers":18451797,"external":19987202,"heapTotal":91435008,"heapUsed":49208880,"rss":130318336},"pid":3060,"uid":null,"version":"v18.13.0"},"stack":"Error: write EPIPE\n    at afterWriteDispatched (node:internal/stream_base_commons:160:15)\n    at writeGeneric (node:internal/stream_base_commons:151:3)\n    at WriteStream.Socket._writeGeneric (node:net:923:11)\n    at WriteStream.Socket._write (node:net:935:8)\n    at writeOrBuffer (node:internal/streams/writable:392:12)\n    at _write (node:internal/streams/writable:333:10)\n    at WriteStream.Writable.write (node:internal/streams/writable:337:10)\n    at Console.log (D:\\My-Book-Store\\BookStore\\node_modules\\winston\\lib\\winston\\transports\\console.js:79:23)\n    at Console._write (D:\\My-Book-Store\\BookStore\\node_modules\\winston-transport\\index.js:82:19)\n    at doWrite (D:\\My-Book-Store\\BookStore\\node_modules\\winston-transport\\node_modules\\readable-stream\\lib\\_stream_writable.js:390:139)\n    at writeOrBuffer (D:\\My-Book-Store\\BookStore\\node_modules\\winston-transport\\node_modules\\readable-stream\\lib\\_stream_writable.js:381:5)\n    at Console.Writable.write (D:\\My-Book-Store\\BookStore\\node_modules\\winston-transport\\node_modules\\readable-stream\\lib\\_stream_writable.js:302:11)\n    at DerivedLogger.ondata (D:\\My-Book-Store\\BookStore\\node_modules\\winston\\node_modules\\readable-stream\\lib\\_stream_readable.js:629:20)\n    at DerivedLogger.emit (node:events:525:35)\n    at DerivedLogger.emit (node:domain:489:12)\n    at addChunk (D:\\My-Book-Store\\BookStore\\node_modules\\winston\\node_modules\\readable-stream\\lib\\_stream_readable.js:279:12)","timestamp":"2023-03-18T18:07:30.253Z","trace":[{"column":15,"file":"node:internal/stream_base_commons","function":"afterWriteDispatched","line":160,"method":null,"native":false},{"column":3,"file":"node:internal/stream_base_commons","function":"writeGeneric","line":151,"method":null,"native":false},{"column":11,"file":"node:net","function":"WriteStream.Socket._writeGeneric","line":923,"method":"_writeGeneric","native":false},{"column":8,"file":"node:net","function":"WriteStream.Socket._write","line":935,"method":"_write","native":false},{"column":12,"file":"node:internal/streams/writable","function":"writeOrBuffer","line":392,"method":null,"native":false},{"column":10,"file":"node:internal/streams/writable","function":"_write","line":333,"method":null,"native":false},{"column":10,"file":"node:internal/streams/writable","function":"WriteStream.Writable.write","line":337,"method":"write","native":false},{"column":23,"file":"D:\\My-Book-Store\\BookStore\\node_modules\\winston\\lib\\winston\\transports\\console.js","function":"Console.log","line":79,"method":"log","native":false},{"column":19,"file":"D:\\My-Book-Store\\BookStore\\node_modules\\winston-transport\\index.js","function":"Console._write","line":82,"method":"_write","native":false},{"column":139,"file":"D:\\My-Book-Store\\BookStore\\node_modules\\winston-transport\\node_modules\\readable-stream\\lib\\_stream_writable.js","function":"doWrite","line":390,"method":null,"native":false},{"column":5,"file":"D:\\My-Book-Store\\BookStore\\node_modules\\winston-transport\\node_modules\\readable-stream\\lib\\_stream_writable.js","function":"writeOrBuffer","line":381,"method":null,"native":false},{"column":11,"file":"D:\\My-Book-Store\\BookStore\\node_modules\\winston-transport\\node_modules\\readable-stream\\lib\\_stream_writable.js","function":"Console.Writable.write","line":302,"method":"write","native":false},{"column":20,"file":"D:\\My-Book-Store\\BookStore\\node_modules\\winston\\node_modules\\readable-stream\\lib\\_stream_readable.js","function":"DerivedLogger.ondata","line":629,"method":"ondata","native":false},{"column":35,"file":"node:events","function":"DerivedLogger.emit","line":525,"method":"emit","native":false},{"column":12,"file":"node:domain","function":"DerivedLogger.emit","line":489,"method":"emit","native":false},{"column":12,"file":"D:\\My-Book-Store\\BookStore\\node_modules\\winston\\node_modules\\readable-stream\\lib\\_stream_readable.js","function":"addChunk","line":279,"method":null,"native":false}]}
error: uncaughtException: write EPIPE
Error: write EPIPE
    at afterWriteDispatched (node:internal/stream_base_commons:160:15)
    at writeGeneric (node:internal/stream_base_commons:151:3)
    at WriteStream.Socket._writeGeneric (node:net:923:11)
    at WriteStream.Socket._write (node:net:935:8)
    at writeOrBuffer (node:internal/streams/writable:392:12)
    at _write (node:internal/streams/writable:333:10)
    at WriteStream.Writable.write (node:internal/streams/writable:337:10)
    at Console.log (D:\My-Book-Store\BookStore\node_modules\winston\lib\winston\transports\console.js:79:23)
    at Console._write (D:\My-Book-Store\BookStore\node_modules\winston-transport\index.js:82:19)
    at doWrite (D:\My-Book-Store\BookStore\node_modules\winston-transport\node_modules\readable-stream\lib\_stream_writable.js:390:139)
    at writeOrBuffer (D:\My-Book-Store\BookStore\node_modules\winston-transport\node_modules\readable-stream\lib\_stream_writable.js:381:5)
    at Console.Writable.write (D:\My-Book-Store\BookStore\node_modules\winston-transport\node_modules\readable-stream\lib\_stream_writable.js:302:11)
    at DerivedLogger.ondata (D:\My-Book-Store\BookStore\node_modules\winston\node_modules\readable-stream\lib\_stream_readable.js:629:20)
    at DerivedLogger.emit (node:events:525:35)
    at DerivedLogger.emit (node:domain:489:12)
    at addChunk (D:\My-Book-Store\BookStore\node_modules\winston\node_modules\readable-stream\lib\_stream_readable.js:279:12) {"date":"Sat Mar 18 2023 23:37:30 GMT+0530 (India Standard Time)","error":{"code":"EPIPE","errno":-4047,"syscall":"write"},"exception":true,"os":{"loadavg":[0,0,0],"uptime":11482.015},"process":{"argv":["node","D:\\My-Book-Store\\BookStore\\src\\index.js"],"cwd":"D:\\My-Book-Store\\BookStore","execPath":"C:\\Program Files\\nodejs\\node.exe","gid":null,"memoryUsage":{"arrayBuffers":18469830,"external":20005235,"heapTotal":91435008,"heapUsed":49566032,"rss":130326528},"pid":3060,"uid":null,"version":"v18.13.0"},"stack":"Error: write EPIPE\n    at afterWriteDispatched (node:internal/stream_base_commons:160:15)\n    at writeGeneric (node:internal/stream_base_commons:151:3)\n    at WriteStream.Socket._writeGeneric (node:net:923:11)\n    at WriteStream.Socket._write (node:net:935:8)\n    at writeOrBuffer (node:internal/streams/writable:392:12)\n    at _write (node:internal/streams/writable:333:10)\n    at WriteStream.Writable.write (node:internal/streams/writable:337:10)\n    at Console.log (D:\\My-Book-Store\\BookStore\\node_modules\\winston\\lib\\winston\\transports\\console.js:79:23)\n    at Console._write (D:\\My-Book-Store\\BookStore\\node_modules\\winston-transport\\index.js:82:19)\n    at doWrite (D:\\My-Book-Store\\BookStore\\node_modules\\winston-transport\\node_modules\\readable-stream\\lib\\_stream_writable.js:390:139)\n    at writeOrBuffer (D:\\My-Book-Store\\BookStore\\node_modules\\winston-transport\\node_modules\\readable-stream\\lib\\_stream_writable.js:381:5)\n    at Console.Writable.write (D:\\My-Book-Store\\BookStore\\node_modules\\winston-transport\\node_modules\\readable-stream\\lib\\_stream_writable.js:302:11)\n    at DerivedLogger.ondata (D:\\My-Book-Store\\BookStore\\node_modules\\winston\\node_modules\\readable-stream\\lib\\_stream_readable.js:629:20)\n    at DerivedLogger.emit (node:events:525:35)\n    at DerivedLogger.emit (node:domain:489:12)\n    at addChunk (D:\\My-Book-Store\\BookStore\\node_modules\\winston\\node_modules\\readable-stream\\lib\\_stream_readable.js:279:12)","timestamp":"2023-03-18T18:07:30.261Z","trace":[{"column":15,"file":"node:internal/stream_base_commons","function":"afterWriteDispatched","line":160,"method":null,"native":false},{"column":3,"file":"node:internal/stream_base_commons","function":"writeGeneric","line":151,"method":null,"native":false},{"column":11,"file":"node:net","function":"WriteStream.Socket._writeGeneric","line":923,"method":"_writeGeneric","native":false},{"column":8,"file":"node:net","function":"WriteStream.Socket._write","line":935,"method":"_write","native":false},{"column":12,"file":"node:internal/streams/writable","function":"writeOrBuffer","line":392,"method":null,"native":false},{"column":10,"file":"node:internal/streams/writable","function":"_write","line":333,"method":null,"native":false},{"column":10,"file":"node:internal/streams/writable","function":"WriteStream.Writable.write","line":337,"method":"write","native":false},{"column":23,"file":"D:\\My-Book-Store\\BookStore\\node_modules\\winston\\lib\\winston\\transports\\console.js","function":"Console.log","line":79,"method":"log","native":false},{"column":19,"file":"D:\\My-Book-Store\\BookStore\\node_modules\\winston-transport\\index.js","function":"Console._write","line":82,"method":"_write","native":false},{"column":139,"file":"D:\\My-Book-Store\\BookStore\\node_modules\\winston-transport\\node_modules\\readable-stream\\lib\\_stream_writable.js","function":"doWrite","line":390,"method":null,"native":false},{"column":5,"file":"D:\\My-Book-Store\\BookStore\\node_modules\\winston-transport\\node_modules\\readable-stream\\lib\\_stream_writable.js","function":"writeOrBuffer","line":381,"method":null,"native":false},{"column":11,"file":"D:\\My-Book-Store\\BookStore\\node_modules\\winston-transport\\node_modules\\readable-stream\\lib\\_stream_writable.js","function":"Console.Writable.write","line":302,"method":"write","native":false},{"column":20,"file":"D:\\My-Book-Store\\BookStore\\node_modules\\winston\\node_modules\\readable-stream\\lib\\_stream_readable.js","function":"DerivedLogger.ondata","line":629,"method":"ondata","native":false},{"column":35,"file":"node:events","function":"DerivedLogger.emit","line":525,"method":"emit","native":false},{"column":12,"file":"node:domain","function":"DerivedLogger.emit","line":489,"method":"emit","native":false},{"column":12,"file":"D:\\My-Book-Store\\BookStore\\node_modules\\winston\\node_modules\\readable-stream\\lib\\_stream_readable.js","function":"addChunk","line":279,"method":null,"native":false}]}
error: uncaughtException: write EPIPE
Error: write EPIPE
    at afterWriteDispatched (node:internal/stream_base_commons:160:15)
    at writeGeneric (node:internal/stream_base_commons:151:3)
    at WriteStream.Socket._writeGeneric (node:net:923:11)
    at WriteStream.Socket._write (node:net:935:8)
    at writeOrBuffer (node:internal/streams/writable:392:12)
    at _write (node:internal/streams/writable:333:10)
    at WriteStream.Writable.write (node:internal/streams/writable:337:10)
    at Console.log (D:\My-Book-Store\BookStore\node_modules\winston\lib\winston\transports\console.js:79:23)
    at Console._write (D:\My-Book-Store\BookStore\node_modules\winston-transport\index.js:82:19)
    at doWrite (D:\My-Book-Store\BookStore\node_modules\winston-transport\node_modules\readable-stream\lib\_stream_writable.js:390:139)
    at writeOrBuffer (D:\My-Book-Store\BookStore\node_modules\winston-transport\node_modules\readable-stream\lib\_stream_writable.js:381:5)
    at Console.Writable.write (D:\My-Book-Store\BookStore\node_modules\winston-transport\node_modules\readable-stream\lib\_stream_writable.js:302:11)
    at DerivedLogger.ondata (D:\My-Book-Store\BookStore\node_modules\winston\node_modules\readable-stream\lib\_stream_readable.js:629:20)
    at DerivedLogger.emit (node:events:525:35)
    at DerivedLogger.emit (node:domain:489:12)
    at addChunk (D:\My-Book-Store\BookStore\node_modules\winston\node_modules\readable-stream\lib\_stream_readable.js:279:12) {"date":"Sat Mar 18 2023 23:37:30 GMT+0530 (India Standard Time)","error":{"code":"EPIPE","errno":-4047,"syscall":"write"},"exception":true,"os":{"loadavg":[0,0,0],"uptime":11482.015},"process":{"argv":["node","D:\\My-Book-Store\\BookStore\\src\\index.js"],"cwd":"D:\\My-Book-Store\\BookStore","execPath":"C:\\Program Files\\nodejs\\node.exe","gid":null,"memoryUsage":{"arrayBuffers":18487875,"external":20023280,"heapTotal":91435008,"heapUsed":49930992,"rss":130363392},"pid":3060,"uid":null,"version":"v18.13.0"},"stack":"Error: write EPIPE\n    at afterWriteDispatched (node:internal/stream_base_commons:160:15)\n    at writeGeneric (node:internal/stream_base_commons:151:3)\n    at WriteStream.Socket._writeGeneric (node:net:923:11)\n    at WriteStream.Socket._write (node:net:935:8)\n    at writeOrBuffer (node:internal/streams/writable:392:12)\n    at _write (node:internal/streams/writable:333:10)\n    at WriteStream.Writable.write (node:internal/streams/writable:337:10)\n    at Console.log (D:\\My-Book-Store\\BookStore\\node_modules\\winston\\lib\\winston\\transports\\console.js:79:23)\n    at Console._write (D:\\My-Book-Store\\BookStore\\node_modules\\winston-transport\\index.js:82:19)\n    at doWrite (D:\\My-Book-Store\\BookStore\\node_modules\\winston-transport\\node_modules\\readable-stream\\lib\\_stream_writable.js:390:139)\n    at writeOrBuffer (D:\\My-Book-Store\\BookStore\\node_modules\\winston-transport\\node_modules\\readable-stream\\lib\\_stream_writable.js:381:5)\n    at Console.Writable.write (D:\\My-Book-Store\\BookStore\\node_modules\\winston-transport\\node_modules\\readable-stream\\lib\\_stream_writable.js:302:11)\n    at DerivedLogger.ondata (D:\\My-Book-Store\\BookStore\\node_modules\\winston\\node_modules\\readable-stream\\lib\\_stream_readable.js:629:20)\n    at DerivedLogger.emit (node:events:525:35)\n    at DerivedLogger.emit (node:domain:489:12)\n    at addChunk (D:\\My-Book-Store\\BookStore\\node_modules\\winston\\node_modules\\readable-stream\\lib\\_stream_readable.js:279:12)","timestamp":"2023-03-18T18:07:30.275Z","trace":[{"column":15,"file":"node:internal/stream_base_commons","function":"afterWriteDispatched","line":160,"method":null,"native":false},{"column":3,"file":"node:internal/stream_base_commons","function":"writeGeneric","line":151,"method":null,"native":false},{"column":11,"file":"node:net","function":"WriteStream.Socket._writeGeneric","line":923,"method":"_writeGeneric","native":false},{"column":8,"file":"node:net","function":"WriteStream.Socket._write","line":935,"method":"_write","native":false},{"column":12,"file":"node:internal/streams/writable","function":"writeOrBuffer","line":392,"method":null,"native":false},{"column":10,"file":"node:internal/streams/writable","function":"_write","line":333,"method":null,"native":false},{"column":10,"file":"node:internal/streams/writable","function":"WriteStream.Writable.write","line":337,"method":"write","native":false},{"column":23,"file":"D:\\My-Book-Store\\BookStore\\node_modules\\winston\\lib\\winston\\transports\\console.js","function":"Console.log","line":79,"method":"log","native":false},{"column":19,"file":"D:\\My-Book-Store\\BookStore\\node_modules\\winston-transport\\index.js","function":"Console._write","line":82,"method":"_write","native":false},{"column":139,"file":"D:\\My-Book-Store\\BookStore\\node_modules\\winston-transport\\node_modules\\readable-stream\\lib\\_stream_writable.js","function":"doWrite","line":390,"method":null,"native":false},{"column":5,"file":"D:\\My-Book-Store\\BookStore\\node_modules\\winston-transport\\node_modules\\readable-stream\\lib\\_stream_writable.js","function":"writeOrBuffer","line":381,"method":null,"native":false},{"column":11,"file":"D:\\My-Book-Store\\BookStore\\node_modules\\winston-transport\\node_modules\\readable-stream\\lib\\_stream_writable.js","function":"Console.Writable.write","line":302,"method":"write","native":false},{"column":20,"file":"D:\\My-Book-Store\\BookStore\\node_modules\\winston\\node_modules\\readable-stream\\lib\\_stream_readable.js","function":"DerivedLogger.ondata","line":629,"method":"ondata","native":false},{"column":35,"file":"node:events","function":"DerivedLogger.emit","line":525,"method":"emit","native":false},{"column":12,"file":"node:domain","function":"DerivedLogger.emit","line":489,"method":"emit","native":false},{"column":12,"file":"D:\\My-Book-Store\\BookStore\\node_modules\\winston\\node_modules\\readable-stream\\lib\\_stream_readable.js","function":"addChunk","line":279,"method":null,"native":false}]}
error: uncaughtException: Cannot read properties of null (reading 'productId')
TypeError: Cannot read properties of null (reading 'productId')
    at D:\My-Book-Store\BookStore\src\services\/cart.service.js:97:48
    at D:\My-Book-Store\BookStore\node_modules\mongoose\lib\model.js:5082:18
    at processTicksAndRejections (node:internal/process/task_queues:77:11) {"date":"Sun Mar 19 2023 23:07:09 GMT+0530 (India Standard Time)","error":{},"exception":true,"os":{"loadavg":[0,0,0],"uptime":96060.14},"process":{"argv":["node","D:\\My-Book-Store\\BookStore\\src\\index.js"],"cwd":"D:\\My-Book-Store\\BookStore","execPath":"C:\\Program Files\\nodejs\\node.exe","gid":null,"memoryUsage":{"arrayBuffers":18469041,"external":20002275,"heapTotal":54841344,"heapUsed":51030264,"rss":95404032},"pid":820,"uid":null,"version":"v18.13.0"},"stack":"TypeError: Cannot read properties of null (reading 'productId')\n    at D:\\My-Book-Store\\BookStore\\src\\services\\/cart.service.js:97:48\n    at D:\\My-Book-Store\\BookStore\\node_modules\\mongoose\\lib\\model.js:5082:18\n    at processTicksAndRejections (node:internal/process/task_queues:77:11)","timestamp":"2023-03-19T17:37:09.782Z","trace":[{"column":48,"file":"D:\\My-Book-Store\\BookStore\\src\\services\\/cart.service.js","function":null,"line":97,"method":null,"native":false},{"column":18,"file":"D:\\My-Book-Store\\BookStore\\node_modules\\mongoose\\lib\\model.js","function":null,"line":5082,"method":null,"native":false},{"column":11,"file":"node:internal/process/task_queues","function":"processTicksAndRejections","line":77,"method":null,"native":false}]}
error: uncaughtException: Cannot read properties of null (reading 'productId')
TypeError: Cannot read properties of null (reading 'productId')
    at D:\My-Book-Store\BookStore\src\services\/cart.service.js:98:48
    at D:\My-Book-Store\BookStore\node_modules\mongoose\lib\model.js:5082:18
    at processTicksAndRejections (node:internal/process/task_queues:77:11) {"date":"Sun Mar 19 2023 23:09:51 GMT+0530 (India Standard Time)","error":{},"exception":true,"os":{"loadavg":[0,0,0],"uptime":96221.578},"process":{"argv":["node","D:\\My-Book-Store\\BookStore\\src\\index.js"],"cwd":"D:\\My-Book-Store\\BookStore","execPath":"C:\\Program Files\\nodejs\\node.exe","gid":null,"memoryUsage":{"arrayBuffers":18470271,"external":20005636,"heapTotal":96260096,"heapUsed":54812840,"rss":134348800},"pid":10336,"uid":null,"version":"v18.13.0"},"stack":"TypeError: Cannot read properties of null (reading 'productId')\n    at D:\\My-Book-Store\\BookStore\\src\\services\\/cart.service.js:98:48\n    at D:\\My-Book-Store\\BookStore\\node_modules\\mongoose\\lib\\model.js:5082:18\n    at processTicksAndRejections (node:internal/process/task_queues:77:11)","timestamp":"2023-03-19T17:39:51.183Z","trace":[{"column":48,"file":"D:\\My-Book-Store\\BookStore\\src\\services\\/cart.service.js","function":null,"line":98,"method":null,"native":false},{"column":18,"file":"D:\\My-Book-Store\\BookStore\\node_modules\\mongoose\\lib\\model.js","function":null,"line":5082,"method":null,"native":false},{"column":11,"file":"node:internal/process/task_queues","function":"processTicksAndRejections","line":77,"method":null,"native":false}]}
error: uncaughtException: Cannot read properties of null (reading 'productId')
TypeError: Cannot read properties of null (reading 'productId')
    at D:\My-Book-Store\BookStore\src\services\/cart.service.js:98:48
    at D:\My-Book-Store\BookStore\node_modules\mongoose\lib\model.js:5082:18
    at processTicksAndRejections (node:internal/process/task_queues:77:11) {"date":"Sun Mar 19 2023 23:19:12 GMT+0530 (India Standard Time)","error":{},"exception":true,"os":{"loadavg":[0,0,0],"uptime":96783},"process":{"argv":["node","D:\\My-Book-Store\\BookStore\\src\\index.js"],"cwd":"D:\\My-Book-Store\\BookStore","execPath":"C:\\Program Files\\nodejs\\node.exe","gid":null,"memoryUsage":{"arrayBuffers":18993148,"external":20544978,"heapTotal":96436224,"heapUsed":56425488,"rss":134856704},"pid":8944,"uid":null,"version":"v18.13.0"},"stack":"TypeError: Cannot read properties of null (reading 'productId')\n    at D:\\My-Book-Store\\BookStore\\src\\services\\/cart.service.js:98:48\n    at D:\\My-Book-Store\\BookStore\\node_modules\\mongoose\\lib\\model.js:5082:18\n    at processTicksAndRejections (node:internal/process/task_queues:77:11)","timestamp":"2023-03-19T17:49:12.597Z","trace":[{"column":48,"file":"D:\\My-Book-Store\\BookStore\\src\\services\\/cart.service.js","function":null,"line":98,"method":null,"native":false},{"column":18,"file":"D:\\My-Book-Store\\BookStore\\node_modules\\mongoose\\lib\\model.js","function":null,"line":5082,"method":null,"native":false},{"column":11,"file":"node:internal/process/task_queues","function":"processTicksAndRejections","line":77,"method":null,"native":false}]}
error: uncaughtException: Cannot read properties of null (reading 'productId')
TypeError: Cannot read properties of null (reading 'productId')
    at D:\My-Book-Store\BookStore\src\services\/cart.service.js:100:8
    at D:\My-Book-Store\BookStore\node_modules\mongoose\lib\model.js:5082:18
    at processTicksAndRejections (node:internal/process/task_queues:77:11) {"date":"Sun Mar 19 2023 23:22:48 GMT+0530 (India Standard Time)","error":{},"exception":true,"os":{"loadavg":[0,0,0],"uptime":96999.296},"process":{"argv":["node","D:\\My-Book-Store\\BookStore\\src\\index.js"],"cwd":"D:\\My-Book-Store\\BookStore","execPath":"C:\\Program Files\\nodejs\\node.exe","gid":null,"memoryUsage":{"arrayBuffers":18999000,"external":20550830,"heapTotal":93552640,"heapUsed":56752816,"rss":132608000},"pid":9036,"uid":null,"version":"v18.13.0"},"stack":"TypeError: Cannot read properties of null (reading 'productId')\n    at D:\\My-Book-Store\\BookStore\\src\\services\\/cart.service.js:100:8\n    at D:\\My-Book-Store\\BookStore\\node_modules\\mongoose\\lib\\model.js:5082:18\n    at processTicksAndRejections (node:internal/process/task_queues:77:11)","timestamp":"2023-03-19T17:52:48.897Z","trace":[{"column":8,"file":"D:\\My-Book-Store\\BookStore\\src\\services\\/cart.service.js","function":null,"line":100,"method":null,"native":false},{"column":18,"file":"D:\\My-Book-Store\\BookStore\\node_modules\\mongoose\\lib\\model.js","function":null,"line":5082,"method":null,"native":false},{"column":11,"file":"node:internal/process/task_queues","function":"processTicksAndRejections","line":77,"method":null,"native":false}]}
error: 
    status - 500 
    message - Error: Book is not available for this Id
    at _callee2$ (D:\My-Book-Store\BookStore\src\services\/book.service.js:19:11)
    at tryCatch (D:\My-Book-Store\BookStore\node_modules\@babel\runtime\helpers\regeneratorRuntime.js:44:17)
    at Generator.<anonymous> (D:\My-Book-Store\BookStore\node_modules\@babel\runtime\helpers\regeneratorRuntime.js:125:22)
    at Generator.next (D:\My-Book-Store\BookStore\node_modules\@babel\runtime\helpers\regeneratorRuntime.js:69:21)
    at asyncGeneratorStep (D:\My-Book-Store\BookStore\node_modules\@babel\runtime\helpers\asyncToGenerator.js:3:24)
    at _next (D:\My-Book-Store\BookStore\node_modules\@babel\runtime\helpers\asyncToGenerator.js:22:9)
    at processTicksAndRejections (node:internal/process/task_queues:95:5) 
    url - /api/v1/cart/removeBook/6417e0a586d6330cb417a184 
    method - POST 
    IP - ::1
   {"timestamp":"2023-03-20T15:09:35.716Z"}
error: 
    status - 500 
    message - Error: Book is not available for this Id
    at _callee2$ (D:\My-Book-Store\BookStore\src\services\/book.service.js:19:11)
    at tryCatch (D:\My-Book-Store\BookStore\node_modules\@babel\runtime\helpers\regeneratorRuntime.js:44:17)
    at Generator.<anonymous> (D:\My-Book-Store\BookStore\node_modules\@babel\runtime\helpers\regeneratorRuntime.js:125:22)
    at Generator.next (D:\My-Book-Store\BookStore\node_modules\@babel\runtime\helpers\regeneratorRuntime.js:69:21)
    at asyncGeneratorStep (D:\My-Book-Store\BookStore\node_modules\@babel\runtime\helpers\asyncToGenerator.js:3:24)
    at _next (D:\My-Book-Store\BookStore\node_modules\@babel\runtime\helpers\asyncToGenerator.js:22:9)
    at processTicksAndRejections (node:internal/process/task_queues:95:5) 
    url - /api/v1/cart/remove/add_to_cart/6417e0a586d6330cb417a184 
    method - POST 
    IP - ::1
   {"timestamp":"2023-03-20T15:11:58.474Z"}
error: 
    status - 500 
    message - Error: Book is not available for this Id
    at _callee2$ (D:\My-Book-Store\BookStore\src\services\/book.service.js:19:11)
    at tryCatch (D:\My-Book-Store\BookStore\node_modules\@babel\runtime\helpers\regeneratorRuntime.js:44:17)
    at Generator.<anonymous> (D:\My-Book-Store\BookStore\node_modules\@babel\runtime\helpers\regeneratorRuntime.js:125:22)
    at Generator.next (D:\My-Book-Store\BookStore\node_modules\@babel\runtime\helpers\regeneratorRuntime.js:69:21)
    at asyncGeneratorStep (D:\My-Book-Store\BookStore\node_modules\@babel\runtime\helpers\asyncToGenerator.js:3:24)
    at _next (D:\My-Book-Store\BookStore\node_modules\@babel\runtime\helpers\asyncToGenerator.js:22:9)
    at processTicksAndRejections (node:internal/process/task_queues:95:5) 
    url - /api/v1/cart/remove/book/6417e0a586d6330cb417a184 
    method - POST 
    IP - ::1
   {"timestamp":"2023-03-20T15:13:12.170Z"}
error: 
    status - 500 
    message - Error: Book is not available for this Id
    at _callee2$ (D:\My-Book-Store\BookStore\src\services\/book.service.js:19:11)
    at tryCatch (D:\My-Book-Store\BookStore\node_modules\@babel\runtime\helpers\regeneratorRuntime.js:44:17)
    at Generator.<anonymous> (D:\My-Book-Store\BookStore\node_modules\@babel\runtime\helpers\regeneratorRuntime.js:125:22)
    at Generator.next (D:\My-Book-Store\BookStore\node_modules\@babel\runtime\helpers\regeneratorRuntime.js:69:21)
    at asyncGeneratorStep (D:\My-Book-Store\BookStore\node_modules\@babel\runtime\helpers\asyncToGenerator.js:3:24)
    at _next (D:\My-Book-Store\BookStore\node_modules\@babel\runtime\helpers\asyncToGenerator.js:22:9)
    at processTicksAndRejections (node:internal/process/task_queues:95:5) 
    url - /api/v1/cart/remove/book/6417e0a586d6330cb417a184 
    method - POST 
    IP - ::1
   {"timestamp":"2023-03-20T15:13:36.988Z"}
error: 
    status - 500 
    message - Error: Book is not available for this Id
    at _callee2$ (D:\My-Book-Store\BookStore\src\services\/book.service.js:19:11)
    at tryCatch (D:\My-Book-Store\BookStore\node_modules\@babel\runtime\helpers\regeneratorRuntime.js:44:17)
    at Generator.<anonymous> (D:\My-Book-Store\BookStore\node_modules\@babel\runtime\helpers\regeneratorRuntime.js:125:22)
    at Generator.next (D:\My-Book-Store\BookStore\node_modules\@babel\runtime\helpers\regeneratorRuntime.js:69:21)
    at asyncGeneratorStep (D:\My-Book-Store\BookStore\node_modules\@babel\runtime\helpers\asyncToGenerator.js:3:24)
    at _next (D:\My-Book-Store\BookStore\node_modules\@babel\runtime\helpers\asyncToGenerator.js:22:9)
    at processTicksAndRejections (node:internal/process/task_queues:95:5) 
    url - /api/v1/cart/remove/book/6417e0a586d6330cb417a184 
    method - POST 
    IP - ::1
   {"timestamp":"2023-03-20T15:14:00.550Z"}
error: 
    status - 500 
    message - Error: Book is not available for this Id
    at _callee2$ (D:\My-Book-Store\BookStore\src\services\/book.service.js:19:11)
    at tryCatch (D:\My-Book-Store\BookStore\node_modules\@babel\runtime\helpers\regeneratorRuntime.js:44:17)
    at Generator.<anonymous> (D:\My-Book-Store\BookStore\node_modules\@babel\runtime\helpers\regeneratorRuntime.js:125:22)
    at Generator.next (D:\My-Book-Store\BookStore\node_modules\@babel\runtime\helpers\regeneratorRuntime.js:69:21)
    at asyncGeneratorStep (D:\My-Book-Store\BookStore\node_modules\@babel\runtime\helpers\asyncToGenerator.js:3:24)
    at _next (D:\My-Book-Store\BookStore\node_modules\@babel\runtime\helpers\asyncToGenerator.js:22:9)
    at processTicksAndRejections (node:internal/process/task_queues:95:5) 
    url - /api/v1/cart/remove/book/64187874aeecde1190b6cefe 
    method - POST 
    IP - ::1
   {"timestamp":"2023-03-20T15:15:25.898Z"}
error: uncaughtException: Router.use() requires a middleware function but got a Object
TypeError: Router.use() requires a middleware function but got a Object
    at Function.use (D:\My-Book-Store\BookStore\node_modules\express\lib\router\index.js:469:13)
    at routes (D:\My-Book-Store\BookStore\src\routes\/index.js:21:10)
    at Object.<anonymous> (D:\My-Book-Store\BookStore\src\/index.js:32:38)
    at Module._compile (node:internal/modules/cjs/loader:1218:14)
    at Module._compile (D:\My-Book-Store\BookStore\node_modules\pirates\lib\index.js:136:24)
    at Module._extensions..js (node:internal/modules/cjs/loader:1272:10)
    at Object.newLoader [as .js] (D:\My-Book-Store\BookStore\node_modules\pirates\lib\index.js:141:7)
    at Module.load (node:internal/modules/cjs/loader:1081:32)
    at Function.Module._load (node:internal/modules/cjs/loader:922:12)
    at Function.runMain (node:internal/modules/run_main:81:12)
    at Object.<anonymous> (D:\My-Book-Store\BookStore\node_modules\@babel\node\src\_babel-node.ts:223:12)
    at Module._compile (node:internal/modules/cjs/loader:1218:14)
    at Object.Module._extensions..js (node:internal/modules/cjs/loader:1272:10)
    at Module.load (node:internal/modules/cjs/loader:1081:32)
    at Function.Module._load (node:internal/modules/cjs/loader:922:12)
    at Function.executeUserEntryPoint [as runMain] (node:internal/modules/run_main:81:12)
    at node:internal/main/run_main_module:23:47 {"date":"Tue Mar 21 2023 13:31:55 GMT+0530 (India Standard Time)","error":{},"exception":true,"os":{"loadavg":[0,0,0],"uptime":234343.515},"process":{"argv":["node","D:\\My-Book-Store\\BookStore\\src\\index.js"],"cwd":"D:\\My-Book-Store\\BookStore","execPath":"C:\\Program Files\\nodejs\\node.exe","gid":null,"memoryUsage":{"arrayBuffers":18893808,"external":20410078,"heapTotal":94318592,"heapUsed":58493040,"rss":135581696},"pid":13360,"uid":null,"version":"v18.13.0"},"stack":"TypeError: Router.use() requires a middleware function but got a Object\n    at Function.use (D:\\My-Book-Store\\BookStore\\node_modules\\express\\lib\\router\\index.js:469:13)\n    at routes (D:\\My-Book-Store\\BookStore\\src\\routes\\/index.js:21:10)\n    at Object.<anonymous> (D:\\My-Book-Store\\BookStore\\src\\/index.js:32:38)\n    at Module._compile (node:internal/modules/cjs/loader:1218:14)\n    at Module._compile (D:\\My-Book-Store\\BookStore\\node_modules\\pirates\\lib\\index.js:136:24)\n    at Module._extensions..js (node:internal/modules/cjs/loader:1272:10)\n    at Object.newLoader [as .js] (D:\\My-Book-Store\\BookStore\\node_modules\\pirates\\lib\\index.js:141:7)\n    at Module.load (node:internal/modules/cjs/loader:1081:32)\n    at Function.Module._load (node:internal/modules/cjs/loader:922:12)\n    at Function.runMain (node:internal/modules/run_main:81:12)\n    at Object.<anonymous> (D:\\My-Book-Store\\BookStore\\node_modules\\@babel\\node\\src\\_babel-node.ts:223:12)\n    at Module._compile (node:internal/modules/cjs/loader:1218:14)\n    at Object.Module._extensions..js (node:internal/modules/cjs/loader:1272:10)\n    at Module.load (node:internal/modules/cjs/loader:1081:32)\n    at Function.Module._load (node:internal/modules/cjs/loader:922:12)\n    at Function.executeUserEntryPoint [as runMain] (node:internal/modules/run_main:81:12)\n    at node:internal/main/run_main_module:23:47","timestamp":"2023-03-21T08:01:55.704Z","trace":[{"column":13,"file":"D:\\My-Book-Store\\BookStore\\node_modules\\express\\lib\\router\\index.js","function":"Function.use","line":469,"method":"use","native":false},{"column":10,"file":"D:\\My-Book-Store\\BookStore\\src\\routes\\/index.js","function":"routes","line":21,"method":null,"native":false},{"column":38,"file":"D:\\My-Book-Store\\BookStore\\src\\/index.js","function":null,"line":32,"method":null,"native":false},{"column":14,"file":"node:internal/modules/cjs/loader","function":"Module._compile","line":1218,"method":"_compile","native":false},{"column":24,"file":"D:\\My-Book-Store\\BookStore\\node_modules\\pirates\\lib\\index.js","function":"Module._compile","line":136,"method":"_compile","native":false},{"column":10,"file":"node:internal/modules/cjs/loader","function":"Module._extensions..js","line":1272,"method":".js","native":false},{"column":7,"file":"D:\\My-Book-Store\\BookStore\\node_modules\\pirates\\lib\\index.js","function":"Object.newLoader [as .js]","line":141,"method":"js]","native":false},{"column":32,"file":"node:internal/modules/cjs/loader","function":"Module.load","line":1081,"method":"load","native":false},{"column":12,"file":"node:internal/modules/cjs/loader","function":"Module._load","line":922,"method":"_load","native":false},{"column":12,"file":"node:internal/modules/run_main","function":"Function.runMain","line":81,"method":"runMain","native":false},{"column":12,"file":"D:\\My-Book-Store\\BookStore\\node_modules\\@babel\\node\\src\\_babel-node.ts","function":null,"line":223,"method":null,"native":false},{"column":14,"file":"node:internal/modules/cjs/loader","function":"Module._compile","line":1218,"method":"_compile","native":false},{"column":10,"file":"node:internal/modules/cjs/loader","function":"Module._extensions..js","line":1272,"method":".js","native":false},{"column":32,"file":"node:internal/modules/cjs/loader","function":"Module.load","line":1081,"method":"load","native":false},{"column":12,"file":"node:internal/modules/cjs/loader","function":"Module._load","line":922,"method":"_load","native":false},{"column":12,"file":"node:internal/modules/run_main","function":"Function.executeUserEntryPoint [as runMain]","line":81,"method":"executeUserEntryPoint [as runMain]","native":false},{"column":47,"file":"node:internal/main/run_main_module","function":null,"line":23,"method":null,"native":false}]}
