info: ::1 - - [16/Mar/2023:10:18:07 +0000] "GET /api/v1/books HTTP/1.1" 200 9282 "-" "PostmanRuntime/7.31.1"

info: ::1 - - [16/Mar/2023:11:01:41 +0000] "GET /api/v1/books HTTP/1.1" 200 9282 "-" "PostmanRuntime/7.31.1"

info: ::1 - - [16/Mar/2023:11:01:50 +0000] "GET /api/v1/books/6214803b05253301a4fda584 HTTP/1.1" 200 1339 "-" "PostmanRuntime/7.31.1"

info: ::1 - - [16/Mar/2023:11:30:51 +0000] "GET /api/v1/books/6214803b05253301a4fda584 HTTP/1.1" 200 1339 "-" "PostmanRuntime/7.31.3"

info: ::1 - - [17/Mar/2023:10:57:35 +0000] "GET /api/v1/add_to_cart/6214803b05253301a4fda584 HTTP/1.1" 404 47 "-" "PostmanRuntime/7.31.3"

info: ::1 - - [17/Mar/2023:10:57:40 +0000] "POST /api/v1/add_to_cart/6214803b05253301a4fda584 HTTP/1.1" 404 47 "-" "PostmanRuntime/7.31.3"

info: ::1 - - [17/Mar/2023:10:57:52 +0000] "POST /api/v1/cart/add_to_cart/6214803b05253301a4fda584 HTTP/1.1" 400 73 "-" "PostmanRuntime/7.31.3"

info: ::1 - - [17/Mar/2023:11:00:31 +0000] "POST /api/v1/cart/add_to_cart/6214803b05253301a4fda584 HTTP/1.1" 400 49 "-" "PostmanRuntime/7.31.3"

info: ::1 - - [17/Mar/2023:11:00:51 +0000] "POST /api/v1/cart/add_to_cart/6214803b05253301a4fda584 HTTP/1.1" 400 49 "-" "PostmanRuntime/7.31.3"

info: ::1 - - [17/Mar/2023:11:00:55 +0000] "POST /api/v1/cart/add_to_cart/6214803b05253301a4fda584 HTTP/1.1" 400 49 "-" "PostmanRuntime/7.31.3"

info: ::1 - - [17/Mar/2023:11:01:15 +0000] "POST /api/v1/cart/add_to_cart/6214803b05253301a4fda584 HTTP/1.1" 400 49 "-" "PostmanRuntime/7.31.3"

info: ::1 - - [17/Mar/2023:11:02:14 +0000] "POST /api/v1/cart/add_to_cart/6214803b05253301a4fda584 HTTP/1.1" 201 1112 "-" "PostmanRuntime/7.31.3"

info: ::1 - - [17/Mar/2023:11:03:05 +0000] "GET /api/v1/books HTTP/1.1" 401 40 "-" "PostmanRuntime/7.31.3"

info: ::1 - - [17/Mar/2023:11:03:46 +0000] "GET /api/v1/books HTTP/1.1" 401 40 "-" "PostmanRuntime/7.31.3"

info: ::1 - - [17/Mar/2023:11:06:24 +0000] "GET /api/v1/books/6214803b05253301a4fda584 HTTP/1.1" 401 40 "-" "PostmanRuntime/7.31.3"

info: ::1 - - [17/Mar/2023:11:08:19 +0000] "GET /api/v1/books HTTP/1.1" 401 40 "-" "PostmanRuntime/7.31.3"

info: ::1 - - [17/Mar/2023:11:08:58 +0000] "GET /api/v1/books HTTP/1.1" 200 9282 "-" "PostmanRuntime/7.31.3"

info: ::1 - - [17/Mar/2023:11:09:48 +0000] "POST /api/v1/cart/add_to_cart/6215898705253301a4fda5d6 HTTP/1.1" 400 49 "-" "PostmanRuntime/7.31.3"

info: ::1 - - [17/Mar/2023:11:10:17 +0000] "POST /api/v1/cart/add_to_cart/6214803b05253301a4fda584 HTTP/1.1" 400 44 "-" "PostmanRuntime/7.31.3"

info: ::1 - - [17/Mar/2023:11:10:42 +0000] "GET /api/v1/books/6215898705253301a4fda5d6 HTTP/1.1" 200 348 "-" "PostmanRuntime/7.31.3"

info: ::1 - - [17/Mar/2023:11:11:00 +0000] "POST /api/v1/cart/add_to_cart/6215898705253301a4fda5d6 HTTP/1.1" 400 49 "-" "PostmanRuntime/7.31.3"

info: ::1 - - [17/Mar/2023:11:12:00 +0000] "POST /api/v1/cart/add_to_cart/6215898705253301a4fda5d6 HTTP/1.1" 400 49 "-" "PostmanRuntime/7.31.3"

info: ::1 - - [17/Mar/2023:11:12:39 +0000] "GET /api/v1/books HTTP/1.1" 200 9282 "-" "PostmanRuntime/7.31.3"

info: ::1 - - [17/Mar/2023:11:12:54 +0000] "POST /api/v1/cart/add_to_cart/6214803b05253301a4fda584 HTTP/1.1" 400 44 "-" "PostmanRuntime/7.31.3"

info: ::1 - - [17/Mar/2023:11:15:04 +0000] "POST /api/v1/cart/add_to_cart/6215888305253301a4fda5cd HTTP/1.1" 400 49 "-" "PostmanRuntime/7.31.3"

info: ::1 - - [17/Mar/2023:11:17:22 +0000] "POST /api/v1/cart/add_to_cart/6215888305253301a4fda5cd HTTP/1.1" 400 44 "-" "PostmanRuntime/7.31.3"

info: ::1 - - [17/Mar/2023:11:17:28 +0000] "POST /api/v1/cart/add_to_cart/6215888305253301a4fda5cd HTTP/1.1" 400 44 "-" "PostmanRuntime/7.31.3"

info: ::1 - - [17/Mar/2023:11:21:27 +0000] "POST /api/v1/cart/add_to_cart/6214803b05253301a4fda584 HTTP/1.1" 400 49 "-" "PostmanRuntime/7.31.3"

info: ::1 - - [17/Mar/2023:11:48:22 +0000] "POST /api/v1/cart/add_to_cart/6214803b05253301a4fda584 HTTP/1.1" 400 49 "-" "PostmanRuntime/7.31.3"

